INFO: [VRFC 10-2263] Analyzing Verilog file "C:/Users/Usuario/pipelined_nuevo_final/pipelined_nuevo_final.srcs/sources_1/imports/Src files/adder.v" into library xil_defaultlib
INFO: [VRFC 10-311] analyzing module adder
INFO: [VRFC 10-2263] Analyzing Verilog file "C:/Users/Usuario/pipelined_nuevo_final/pipelined_nuevo_final.srcs/sources_1/imports/Src files/alu.v" into library xil_defaultlib
INFO: [VRFC 10-311] analyzing module alu
INFO: [VRFC 10-2263] Analyzing Verilog file "C:/Users/Usuario/pipelined_nuevo_final/pipelined_nuevo_final.srcs/sources_1/imports/Src files/aludec.v" into library xil_defaultlib
INFO: [VRFC 10-311] analyzing module aludec
INFO: [VRFC 10-2263] Analyzing Verilog file "C:/Users/Usuario/pipelined_nuevo_final/pipelined_nuevo_final.srcs/sources_1/imports/Src files/controller.v" into library xil_defaultlib
INFO: [VRFC 10-311] analyzing module controller
INFO: [VRFC 10-2263] Analyzing Verilog file "C:/Users/Usuario/pipelined_nuevo_final/pipelined_nuevo_final.srcs/sources_1/imports/Src files/datapath.v" into library xil_defaultlib
INFO: [VRFC 10-311] analyzing module datapath
WARNING: [VRFC 10-2938] 'ALUResultM_int' is already implicitly declared on line 275 [C:/Users/Usuario/pipelined_nuevo_final/pipelined_nuevo_final.srcs/sources_1/imports/Src files/datapath.v:366]
WARNING: [VRFC 10-2938] 'ImmExtM' is already implicitly declared on line 276 [C:/Users/Usuario/pipelined_nuevo_final/pipelined_nuevo_final.srcs/sources_1/imports/Src files/datapath.v:370]
WARNING: [VRFC 10-3380] identifier 'ResultSrcM' is used before its declaration [C:/Users/Usuario/pipelined_nuevo_final/pipelined_nuevo_final.srcs/sources_1/imports/Src files/datapath.v:272]
INFO: [VRFC 10-2263] Analyzing Verilog file "C:/Users/Usuario/pipelined_nuevo_final/pipelined_nuevo_final.srcs/sources_1/imports/Src files/dmem.v" into library xil_defaultlib
INFO: [VRFC 10-311] analyzing module dmem
INFO: [VRFC 10-2263] Analyzing Verilog file "C:/Users/Usuario/pipelined_nuevo_final/pipelined_nuevo_final.srcs/sources_1/imports/Src files/extend.v" into library xil_defaultlib
INFO: [VRFC 10-311] analyzing module extend
INFO: [VRFC 10-2263] Analyzing Verilog file "C:/Users/Usuario/pipelined_nuevo_final/pipelined_nuevo_final.srcs/sources_1/imports/Src files/flopenr.v" into library xil_defaultlib
INFO: [VRFC 10-311] analyzing module flopenr
INFO: [VRFC 10-2263] Analyzing Verilog file "C:/Users/Usuario/pipelined_nuevo_final/pipelined_nuevo_final.srcs/sources_1/imports/Src files/hazard.v" into library xil_defaultlib
INFO: [VRFC 10-311] analyzing module hazard
INFO: [VRFC 10-2263] Analyzing Verilog file "C:/Users/Usuario/pipelined_nuevo_final/pipelined_nuevo_final.srcs/sources_1/imports/Src files/imem.v" into library xil_defaultlib
INFO: [VRFC 10-311] analyzing module imem
INFO: [VRFC 10-2263] Analyzing Verilog file "C:/Users/Usuario/pipelined_nuevo_final/pipelined_nuevo_final.srcs/sources_1/imports/Src files/maindec.v" into library xil_defaultlib
INFO: [VRFC 10-311] analyzing module maindec
INFO: [VRFC 10-2263] Analyzing Verilog file "C:/Users/Usuario/pipelined_nuevo_final/pipelined_nuevo_final.srcs/sources_1/imports/Src files/mux2.v" into library xil_defaultlib
INFO: [VRFC 10-311] analyzing module mux2
INFO: [VRFC 10-2263] Analyzing Verilog file "C:/Users/Usuario/pipelined_nuevo_final/pipelined_nuevo_final.srcs/sources_1/imports/Src files/mux3.v" into library xil_defaultlib
INFO: [VRFC 10-311] analyzing module mux3
INFO: [VRFC 10-2263] Analyzing Verilog file "C:/Users/Usuario/pipelined_nuevo_final/pipelined_nuevo_final.srcs/sources_1/new/mux4.v" into library xil_defaultlib
INFO: [VRFC 10-311] analyzing module mux4
INFO: [VRFC 10-2263] Analyzing Verilog file "C:/Users/Usuario/pipelined_nuevo_final/pipelined_nuevo_final.srcs/sources_1/new/pipeline_reg.v" into library xil_defaultlib
INFO: [VRFC 10-311] analyzing module pipeline_reg
INFO: [VRFC 10-2263] Analyzing Verilog file "C:/Users/Usuario/pipelined_nuevo_final/pipelined_nuevo_final.srcs/sources_1/imports/Src files/regfile.v" into library xil_defaultlib
INFO: [VRFC 10-311] analyzing module regfile
INFO: [VRFC 10-2263] Analyzing Verilog file "C:/Users/Usuario/pipelined_nuevo_final/pipelined_nuevo_final.srcs/sources_1/new/riscvpipelined.v" into library xil_defaultlib
INFO: [VRFC 10-311] analyzing module riscvpipelined
INFO: [VRFC 10-2263] Analyzing Verilog file "C:/Users/Usuario/pipelined_nuevo_final/pipelined_nuevo_final.srcs/sources_1/new/rvc_decompressor.v" into library xil_defaultlib
INFO: [VRFC 10-311] analyzing module rvc_decompressor
INFO: [VRFC 10-2263] Analyzing Verilog file "C:/Users/Usuario/pipelined_nuevo_final/pipelined_nuevo_final.srcs/sources_1/imports/Src files/top.v" into library xil_defaultlib
INFO: [VRFC 10-311] analyzing module top
INFO: [VRFC 10-2263] Analyzing Verilog file "C:/Users/Usuario/pipelined_nuevo_final/pipelined_nuevo_final.srcs/sim_1/new/tb_rvc_equivalence1.v" into library xil_defaultlib
INFO: [VRFC 10-311] analyzing module tb_rvc_equivalence1
