Time resolution is 1 ps

======================================
         ARREGLO INICIAL
======================================
A0 = 586f53c7
A1 = 577cb5ba
A2 = 5a218000
A3 = 54e9a990
A4 = 599e80ab
A5 = 565e3a49
A6 = 5b25951d
A7 = 52ddbee2
======================================


======================================
PASS: QuickSort ordeno correctamente.
Tiempo de simulacion : 13880000 ns
Ciclos ejecutados    : 1385

======================================
          ARREGLO FINAL
======================================
A0 = 52ddbee2
A1 = 54e9a990
A2 = 565e3a49
A3 = 577cb5ba
A4 = 586f53c7
A5 = 599e80ab
A6 = 5a218000
A7 = 5b25951d
======================================
$finish called at time : 13880 ns : File "C:/Users/Usuario/pipelined_nuevo_final/pipelined_nuevo_final.srcs/sim_1/new/tb_quicksort.v" Line 160
